<?xml version="1.0" encoding="UTF-8"?>
<!-- Generated by org.testng.reporters.JUnitReportReporter -->
<testsuite skipped="0" hostname="YAROSLAV" name="com.prestashop.PositiveScenario" tests="1" failures="0" timestamp="20 Jun 2018 20:14:24 GMT" time="17.761" errors="0">
  <testcase name="loginTest" time="17.761" classname="com.prestashop.PositiveScenario"/>
</testsuite> <!-- com.prestashop.PositiveScenario -->
