<?xml version="1.0" encoding="UTF-8"?>
<!-- Generated by org.testng.reporters.JUnitReportReporter -->
<testsuite skipped="0" hostname="YAROSLAV" name="com.prestashop.NegativeOne" tests="4" failures="0" timestamp="20 Jun 2018 19:21:25 GMT" time="33.867" errors="0">
  <testcase name="BlankPasswordTest" time="10.482" classname="com.prestashop.NegativeOne"/>
  <testcase name="wrongCredentialsTest" time="7.757" classname="com.prestashop.NegativeOne"/>
  <testcase name="BlankEmailTest" time="9.136" classname="com.prestashop.NegativeOne"/>
  <testcase name="InvalidEmailTest" time="6.492" classname="com.prestashop.NegativeOne"/>
</testsuite> <!-- com.prestashop.NegativeOne -->
